<?xml version="1.0" encoding="UTF-8"?>
<!-- Generated by org.testng.reporters.JUnitReportReporter -->
<testsuite skipped="0" hostname="Dellpc" name="GenericUtils.ReadDataFromJsonFile" tests="1" failures="0" timestamp="27 Sep 2021 05:36:01 GMT" time="0.069" errors="0">
  <testcase name="readDataFromJSON" time="0.069" classname="GenericUtils.ReadDataFromJsonFile"/>
</testsuite> <!-- GenericUtils.ReadDataFromJsonFile -->
