<?xml version="1.0" encoding="UTF-8"?>
<!-- Generated by org.testng.reporters.JUnitReportReporter -->
<testsuite skipped="0" hostname="Dellpc" name="GenericUtils.ReadDataFromPropertyFile" tests="1" failures="0" timestamp="23 Sep 2021 10:19:24 GMT" time="0.029" errors="0">
  <testcase name="readDataFromPropertyFile" time="0.029" classname="GenericUtils.ReadDataFromPropertyFile"/>
</testsuite> <!-- GenericUtils.ReadDataFromPropertyFile -->
