<?xml version="1.0" encoding="UTF-8"?>
<!-- Generated by org.testng.reporters.JUnitReportReporter -->
<testsuite skipped="0" hostname="Dellpc" name="Practice.Contact" tests="1" failures="0" timestamp="23 Sep 2021 12:40:38 GMT" time="0.028" errors="0">
  <testcase name="org" time="0.028" classname="Practice.Contact"/>
</testsuite> <!-- Practice.Contact -->
